This is pdfTeX, Version 3.141592653-2.6-1.40.26 (TeX Live 2025/dev/Debian) (preloaded format=pdflatex 2025.6.6)  22 MAR 2026 23:13
entering extended mode
 restricted \write18 enabled.
 file:line:error style messages enabled.
 %&-line parsing enabled.
**/home/javier/Documentos/UGR/25-26/2ºCUATRI/DS/practicas_desarrollo_de_software/Practica_1_Patrones_GoF_y_arquitectonicos/memoria/memoria_p1.tex
(/home/javier/Documentos/UGR/25-26/2ºCUATRI/DS/practicas_desarrollo_de_software/Practica_1_Patrones_GoF_y_arquitectonicos/memoria/memoria_p1.tex
LaTeX2e <2024-11-01> patch level 2
L3 programming layer <2025-01-18>
(/usr/share/texlive/texmf-dist/tex/latex/base/article.cls
Document Class: article 2024/06/29 v1.4n Standard LaTeX document class
(/usr/share/texlive/texmf-dist/tex/latex/base/size12.clo
File: size12.clo 2024/06/29 v1.4n Standard LaTeX file (size option)
)
\c@part=\count196
\c@section=\count197
\c@subsection=\count198
\c@subsubsection=\count199
\c@paragraph=\count266
\c@subparagraph=\count267
\c@figure=\count268
\c@table=\count269
\abovecaptionskip=\skip49
\belowcaptionskip=\skip50
\bibindent=\dimen141
) (/usr/share/texlive/texmf-dist/tex/latex/graphics/graphicx.sty
Package: graphicx 2021/09/16 v1.2d Enhanced LaTeX Graphics (DPC,SPQR)
 (/usr/share/texlive/texmf-dist/tex/latex/graphics/keyval.sty
Package: keyval 2022/05/29 v1.15 key=value parser (DPC)
\KV@toks@=\toks17
) (/usr/share/texlive/texmf-dist/tex/latex/graphics/graphics.sty
Package: graphics 2024/08/06 v1.4g Standard LaTeX Graphics (DPC,SPQR)
 (/usr/share/texlive/texmf-dist/tex/latex/graphics/trig.sty
Package: trig 2023/12/02 v1.11 sin cos tan (DPC)
) (/usr/share/texlive/texmf-dist/tex/latex/graphics-cfg/graphics.cfg
File: graphics.cfg 2016/06/04 v1.11 sample graphics configuration
)
Package graphics Info: Driver file: pdftex.def on input line 106.
 (/usr/share/texlive/texmf-dist/tex/latex/graphics-def/pdftex.def
File: pdftex.def 2024/04/13 v1.2c Graphics/color driver for pdftex
))
\Gin@req@height=\dimen142
\Gin@req@width=\dimen143
) (/usr/share/texlive/texmf-dist/tex/latex/tools/indentfirst.sty
Package: indentfirst 2023/07/02 v1.03 Indent first paragraph (DPC)
) (/usr/share/texlive/texmf-dist/tex/latex/minted/minted.sty
Package: minted 2025/03/06 v3.6.0 Yet another Pygments shim for LaTeX
 (/usr/share/texlive/texmf-dist/tex/generic/catchfile/catchfile.sty
Package: catchfile 2019/12/09 v1.8 Catch the contents of a file (HO)
 (/usr/share/texlive/texmf-dist/tex/generic/infwarerr/infwarerr.sty
Package: infwarerr 2019/12/03 v1.5 Providing info/warning/error messages (HO)
) (/usr/share/texlive/texmf-dist/tex/generic/ltxcmds/ltxcmds.sty
Package: ltxcmds 2023-12-04 v1.26 LaTeX kernel commands for general use (HO)
) (/usr/share/texlive/texmf-dist/tex/generic/etexcmds/etexcmds.sty
Package: etexcmds 2019/12/15 v1.7 Avoid name clashes with e-TeX commands (HO)
 (/usr/share/texlive/texmf-dist/tex/generic/iftex/iftex.sty
Package: iftex 2024/12/12 v1.0g TeX engine tests
))) (/usr/share/texlive/texmf-dist/tex/latex/etoolbox/etoolbox.sty
Package: etoolbox 2025/02/11 v2.5l e-TeX tools for LaTeX (JAW)
\etb@tempcnta=\count270
) (/usr/share/texlive/texmf-dist/tex/latex/fvextra/fvextra.sty
Package: fvextra 2025/03/04 v1.12.0 fvextra - extensions and patches for fancyvrb
 (/usr/share/texlive/texmf-dist/tex/latex/fancyvrb/fancyvrb.sty
Package: fancyvrb 2024/01/20 4.5c verbatim text (tvz,hv)
\FV@CodeLineNo=\count271
\FV@InFile=\read2
\FV@TabBox=\box52
\c@FancyVerbLine=\count272
\FV@StepNumber=\count273
\FV@OutFile=\write3
) (/usr/share/texlive/texmf-dist/tex/generic/pdftexcmds/pdftexcmds.sty
Package: pdftexcmds 2020-06-27 v0.33 Utility functions of pdfTeX for LuaTeX (HO)
Package pdftexcmds Info: \pdf@primitive is available.
Package pdftexcmds Info: \pdf@ifprimitive is available.
Package pdftexcmds Info: \pdfdraftmode found.
) (/usr/share/texlive/texmf-dist/tex/latex/upquote/upquote.sty
Package: upquote 2012/04/19 v1.3 upright-quote and grave-accent glyphs in verbatim
) (/usr/share/texlive/texmf-dist/tex/latex/lineno/lineno.sty
Package: lineno 2025/01/29 line numbers on paragraphs v5.4
 (/usr/share/texlive/texmf-dist/tex/latex/kvoptions/kvoptions.sty
Package: kvoptions 2022-06-15 v3.15 Key value format for package options (HO)
 (/usr/share/texlive/texmf-dist/tex/latex/kvsetkeys/kvsetkeys.sty
Package: kvsetkeys 2022-10-05 v1.19 Key value parser (HO)
))
\linenopenalty=\count274
\output=\toks18
\linenoprevgraf=\count275
\linenumbersep=\dimen144
\linenumberwidth=\dimen145
\c@linenumber=\count276
\c@pagewiselinenumber=\count277
\c@LN@truepage=\count278
\c@internallinenumber=\count279
\c@internallinenumbers=\count280
\quotelinenumbersep=\dimen146
\bframerule=\dimen147
\bframesep=\dimen148
\bframebox=\box53
LaTeX Info: Redefining \\ on input line 3187.
)
\c@FancyVerbWriteLine=\count281
\c@FancyVerbBufferLine=\count282
\c@FV@TrueTabGroupLevel=\count283
\c@FV@TrueTabCounter=\count284
\FV@TabBox@Group=\box54
\FV@bgcolorstructbox=\box55
\FV@TmpLength=\skip51
\c@FV@HighlightLinesStart=\count285
\c@FV@HighlightLinesStop=\count286
\FV@LoopCount=\count287
\FV@NCharsBox=\box56
\FV@BreakIndent=\dimen149
\FV@BreakIndentNChars=\count288
\FV@BreakSymbolSepLeft=\dimen150
\FV@BreakSymbolSepLeftNChars=\count289
\FV@BreakSymbolSepRight=\dimen151
\FV@BreakSymbolSepRightNChars=\count290
\FV@BreakSymbolIndentLeft=\dimen152
\FV@BreakSymbolIndentLeftNChars=\count291
\FV@BreakSymbolIndentRight=\dimen153
\FV@BreakSymbolIndentRightNChars=\count292
\c@FancyVerbLineBreakLast=\count293
\FV@LineBox=\box57
\FV@LineIndentBox=\box58
\c@FV@BreakBufferDepth=\count294
\FV@LineWidth=\dimen154
) (/usr/share/texlive/texmf-dist/tex/latex/latex2pydata/latex2pydata.sty
Package: latex2pydata 2025/03/03 v0.5.0 latex2pydata - write data to file in Python literal format
) (/usr/share/texlive/texmf-dist/tex/latex/pgf/utilities/pgfkeys.sty (/usr/share/texlive/texmf-dist/tex/generic/pgf/utilities/pgfkeys.code.tex
\pgfkeys@pathtoks=\toks19
\pgfkeys@temptoks=\toks20
 (/usr/share/texlive/texmf-dist/tex/generic/pgf/utilities/pgfkeyslibraryfiltered.code.tex
\pgfkeys@tmptoks=\toks21
))) (/usr/share/texlive/texmf-dist/tex/latex/pgfopts/pgfopts.sty
Package: pgfopts 2014/07/10 v2.1a LaTeX package options with pgfkeys
\pgfopts@list@add@a@toks=\toks22
\pgfopts@list@add@b@toks=\toks23
) (/usr/share/texlive/texmf-dist/tex/latex/tools/shellesc.sty
Package: shellesc 2023/07/08 v1.0d unified shell escape interface for LaTeX
Package shellesc Info: Restricted shell escape enabled on input line 77.
) (/usr/share/texlive/texmf-dist/tex/latex/float/float.sty
Package: float 2001/11/08 v1.3d Float enhancements (AL)
\c@float@type=\count295
\float@exts=\toks24
\float@box=\box59
\@float@everytoks=\toks25
\@floatcapt=\box60
)
\c@minted@FancyVerbLineTemp=\count296
\@float@every@listing=\toks26
\c@listing=\count297
) (/usr/share/texlive/texmf-dist/tex/generic/babel/babel.sty
Package: babel 2025/02/14 v25.4 The multilingual framework for pdfLaTeX, LuaLaTeX and XeLaTeX
\babel@savecnt=\count298
\U@D=\dimen155
\l@unhyphenated=\language90
 (/usr/share/texlive/texmf-dist/tex/generic/babel/txtbabel.def)
\bbl@readstream=\read3
\bbl@dirlevel=\count299
 (/usr/share/texlive/texmf-dist/tex/generic/babel-spanish/spanish.ldf
Language: spanish.ldf 2021/05/27 v5.0q Spanish support from the babel system
\es@quottoks=\toks27
\es@quotdepth=\count300
Package babel Info: Making " an active character on input line 570.
Package babel Info: Making . an active character on input line 675.
Package babel Info: Making < an active character on input line 722.
Package babel Info: Making > an active character on input line 722.
)) (/usr/share/texlive/texmf-dist/tex/generic/babel/locale/es/babel-spanish.tex
Package babel Info: Importing font and identification data for spanish
(babel)             from babel-es.ini. Reported on input line 11.
) (/usr/share/texlive/texmf-dist/tex/latex/tcolorbox/tcolorbox.sty
Package: tcolorbox 2024/10/22 version 6.4.1 text color boxes
 (/usr/share/texlive/texmf-dist/tex/latex/pgf/frontendlayer/tikz.sty (/usr/share/texlive/texmf-dist/tex/latex/pgf/basiclayer/pgf.sty (/usr/share/texlive/texmf-dist/tex/latex/pgf/utilities/pgfrcs.sty (/usr/share/texlive/texmf-dist/tex/generic/pgf/utilities/pgfutil-common.tex
\pgfutil@everybye=\toks28
\pgfutil@tempdima=\dimen156
\pgfutil@tempdimb=\dimen157
) (/usr/share/texlive/texmf-dist/tex/generic/pgf/utilities/pgfutil-latex.def
\pgfutil@abb=\box61
) (/usr/share/texlive/texmf-dist/tex/generic/pgf/utilities/pgfrcs.code.tex (/usr/share/texlive/texmf-dist/tex/generic/pgf/pgf.revision.tex)
Package: pgfrcs 2023-01-15 v3.1.10 (3.1.10)
))
Package: pgf 2023-01-15 v3.1.10 (3.1.10)
 (/usr/share/texlive/texmf-dist/tex/latex/pgf/basiclayer/pgfcore.sty (/usr/share/texlive/texmf-dist/tex/latex/pgf/systemlayer/pgfsys.sty (/usr/share/texlive/texmf-dist/tex/generic/pgf/systemlayer/pgfsys.code.tex
Package: pgfsys 2023-01-15 v3.1.10 (3.1.10)
\pgf@x=\dimen158
\pgf@y=\dimen159
\pgf@xa=\dimen160
\pgf@ya=\dimen161
\pgf@xb=\dimen162
\pgf@yb=\dimen163
\pgf@xc=\dimen164
\pgf@yc=\dimen165
\pgf@xd=\dimen166
\pgf@yd=\dimen167
\w@pgf@writea=\write4
\r@pgf@reada=\read4
\c@pgf@counta=\count301
\c@pgf@countb=\count302
\c@pgf@countc=\count303
\c@pgf@countd=\count304
\t@pgf@toka=\toks29
\t@pgf@tokb=\toks30
\t@pgf@tokc=\toks31
\pgf@sys@id@count=\count305
 (/usr/share/texlive/texmf-dist/tex/generic/pgf/systemlayer/pgf.cfg
File: pgf.cfg 2023-01-15 v3.1.10 (3.1.10)
)
Driver file for pgf: pgfsys-pdftex.def
 (/usr/share/texlive/texmf-dist/tex/generic/pgf/systemlayer/pgfsys-pdftex.def
File: pgfsys-pdftex.def 2023-01-15 v3.1.10 (3.1.10)
 (/usr/share/texlive/texmf-dist/tex/generic/pgf/systemlayer/pgfsys-common-pdf.def
File: pgfsys-common-pdf.def 2023-01-15 v3.1.10 (3.1.10)
))) (/usr/share/texlive/texmf-dist/tex/generic/pgf/systemlayer/pgfsyssoftpath.code.tex
File: pgfsyssoftpath.code.tex 2023-01-15 v3.1.10 (3.1.10)
\pgfsyssoftpath@smallbuffer@items=\count306
\pgfsyssoftpath@bigbuffer@items=\count307
) (/usr/share/texlive/texmf-dist/tex/generic/pgf/systemlayer/pgfsysprotocol.code.tex
File: pgfsysprotocol.code.tex 2023-01-15 v3.1.10 (3.1.10)
)) (/usr/share/texlive/texmf-dist/tex/latex/xcolor/xcolor.sty
Package: xcolor 2024/09/29 v3.02 LaTeX color extensions (UK)
 (/usr/share/texlive/texmf-dist/tex/latex/graphics-cfg/color.cfg
File: color.cfg 2016/01/02 v1.6 sample color configuration
)
Package xcolor Info: Driver file: pdftex.def on input line 274.
 (/usr/share/texlive/texmf-dist/tex/latex/graphics/mathcolor.ltx)
Package xcolor Info: Model `cmy' substituted by `cmy0' on input line 1349.
Package xcolor Info: Model `hsb' substituted by `rgb' on input line 1353.
Package xcolor Info: Model `RGB' extended on input line 1365.
Package xcolor Info: Model `HTML' substituted by `rgb' on input line 1367.
Package xcolor Info: Model `Hsb' substituted by `hsb' on input line 1368.
Package xcolor Info: Model `tHsb' substituted by `hsb' on input line 1369.
Package xcolor Info: Model `HSB' substituted by `hsb' on input line 1370.
Package xcolor Info: Model `Gray' substituted by `gray' on input line 1371.
Package xcolor Info: Model `wave' substituted by `hsb' on input line 1372.
) (/usr/share/texlive/texmf-dist/tex/generic/pgf/basiclayer/pgfcore.code.tex
Package: pgfcore 2023-01-15 v3.1.10 (3.1.10)
 (/usr/share/texlive/texmf-dist/tex/generic/pgf/math/pgfmath.code.tex (/usr/share/texlive/texmf-dist/tex/generic/pgf/math/pgfmathutil.code.tex) (/usr/share/texlive/texmf-dist/tex/generic/pgf/math/pgfmathparser.code.tex
\pgfmath@dimen=\dimen168
\pgfmath@count=\count308
\pgfmath@box=\box62
\pgfmath@toks=\toks32
\pgfmath@stack@operand=\toks33
\pgfmath@stack@operation=\toks34
) (/usr/share/texlive/texmf-dist/tex/generic/pgf/math/pgfmathfunctions.code.tex) (/usr/share/texlive/texmf-dist/tex/generic/pgf/math/pgfmathfunctions.basic.code.tex) (/usr/share/texlive/texmf-dist/tex/generic/pgf/math/pgfmathfunctions.trigonometric.code.tex) (/usr/share/texlive/texmf-dist/tex/generic/pgf/math/pgfmathfunctions.random.code.tex) (/usr/share/texlive/texmf-dist/tex/generic/pgf/math/pgfmathfunctions.comparison.code.tex) (/usr/share/texlive/texmf-dist/tex/generic/pgf/math/pgfmathfunctions.base.code.tex) (/usr/share/texlive/texmf-dist/tex/generic/pgf/math/pgfmathfunctions.round.code.tex) (/usr/share/texlive/texmf-dist/tex/generic/pgf/math/pgfmathfunctions.misc.code.tex) (/usr/share/texlive/texmf-dist/tex/generic/pgf/math/pgfmathfunctions.integerarithmetics.code.tex) (/usr/share/texlive/texmf-dist/tex/generic/pgf/math/pgfmathcalc.code.tex) (/usr/share/texlive/texmf-dist/tex/generic/pgf/math/pgfmathfloat.code.tex
\c@pgfmathroundto@lastzeros=\count309
)) (/usr/share/texlive/texmf-dist/tex/generic/pgf/math/pgfint.code.tex) (/usr/share/texlive/texmf-dist/tex/generic/pgf/basiclayer/pgfcorepoints.code.tex
File: pgfcorepoints.code.tex 2023-01-15 v3.1.10 (3.1.10)
\pgf@picminx=\dimen169
\pgf@picmaxx=\dimen170
\pgf@picminy=\dimen171
\pgf@picmaxy=\dimen172
\pgf@pathminx=\dimen173
\pgf@pathmaxx=\dimen174
\pgf@pathminy=\dimen175
\pgf@pathmaxy=\dimen176
\pgf@xx=\dimen177
\pgf@xy=\dimen178
\pgf@yx=\dimen179
\pgf@yy=\dimen180
\pgf@zx=\dimen181
\pgf@zy=\dimen182
) (/usr/share/texlive/texmf-dist/tex/generic/pgf/basiclayer/pgfcorepathconstruct.code.tex
File: pgfcorepathconstruct.code.tex 2023-01-15 v3.1.10 (3.1.10)
\pgf@path@lastx=\dimen183
\pgf@path@lasty=\dimen184
) (/usr/share/texlive/texmf-dist/tex/generic/pgf/basiclayer/pgfcorepathusage.code.tex
File: pgfcorepathusage.code.tex 2023-01-15 v3.1.10 (3.1.10)
\pgf@shorten@end@additional=\dimen185
\pgf@shorten@start@additional=\dimen186
) (/usr/share/texlive/texmf-dist/tex/generic/pgf/basiclayer/pgfcorescopes.code.tex
File: pgfcorescopes.code.tex 2023-01-15 v3.1.10 (3.1.10)
\pgfpic=\box63
\pgf@hbox=\box64
\pgf@layerbox@main=\box65
\pgf@picture@serial@count=\count310
) (/usr/share/texlive/texmf-dist/tex/generic/pgf/basiclayer/pgfcoregraphicstate.code.tex
File: pgfcoregraphicstate.code.tex 2023-01-15 v3.1.10 (3.1.10)
\pgflinewidth=\dimen187
) (/usr/share/texlive/texmf-dist/tex/generic/pgf/basiclayer/pgfcoretransformations.code.tex
File: pgfcoretransformations.code.tex 2023-01-15 v3.1.10 (3.1.10)
\pgf@pt@x=\dimen188
\pgf@pt@y=\dimen189
\pgf@pt@temp=\dimen190
) (/usr/share/texlive/texmf-dist/tex/generic/pgf/basiclayer/pgfcorequick.code.tex
File: pgfcorequick.code.tex 2023-01-15 v3.1.10 (3.1.10)
) (/usr/share/texlive/texmf-dist/tex/generic/pgf/basiclayer/pgfcoreobjects.code.tex
File: pgfcoreobjects.code.tex 2023-01-15 v3.1.10 (3.1.10)
) (/usr/share/texlive/texmf-dist/tex/generic/pgf/basiclayer/pgfcorepathprocessing.code.tex
File: pgfcorepathprocessing.code.tex 2023-01-15 v3.1.10 (3.1.10)
) (/usr/share/texlive/texmf-dist/tex/generic/pgf/basiclayer/pgfcorearrows.code.tex
File: pgfcorearrows.code.tex 2023-01-15 v3.1.10 (3.1.10)
\pgfarrowsep=\dimen191
) (/usr/share/texlive/texmf-dist/tex/generic/pgf/basiclayer/pgfcoreshade.code.tex
File: pgfcoreshade.code.tex 2023-01-15 v3.1.10 (3.1.10)
\pgf@max=\dimen192
\pgf@sys@shading@range@num=\count311
\pgf@shadingcount=\count312
) (/usr/share/texlive/texmf-dist/tex/generic/pgf/basiclayer/pgfcoreimage.code.tex
File: pgfcoreimage.code.tex 2023-01-15 v3.1.10 (3.1.10)
) (/usr/share/texlive/texmf-dist/tex/generic/pgf/basiclayer/pgfcoreexternal.code.tex
File: pgfcoreexternal.code.tex 2023-01-15 v3.1.10 (3.1.10)
\pgfexternal@startupbox=\box66
) (/usr/share/texlive/texmf-dist/tex/generic/pgf/basiclayer/pgfcorelayers.code.tex
File: pgfcorelayers.code.tex 2023-01-15 v3.1.10 (3.1.10)
) (/usr/share/texlive/texmf-dist/tex/generic/pgf/basiclayer/pgfcoretransparency.code.tex
File: pgfcoretransparency.code.tex 2023-01-15 v3.1.10 (3.1.10)
) (/usr/share/texlive/texmf-dist/tex/generic/pgf/basiclayer/pgfcorepatterns.code.tex
File: pgfcorepatterns.code.tex 2023-01-15 v3.1.10 (3.1.10)
) (/usr/share/texlive/texmf-dist/tex/generic/pgf/basiclayer/pgfcorerdf.code.tex
File: pgfcorerdf.code.tex 2023-01-15 v3.1.10 (3.1.10)
))) (/usr/share/texlive/texmf-dist/tex/generic/pgf/modules/pgfmoduleshapes.code.tex
File: pgfmoduleshapes.code.tex 2023-01-15 v3.1.10 (3.1.10)
\pgfnodeparttextbox=\box67
) (/usr/share/texlive/texmf-dist/tex/generic/pgf/modules/pgfmoduleplot.code.tex
File: pgfmoduleplot.code.tex 2023-01-15 v3.1.10 (3.1.10)
) (/usr/share/texlive/texmf-dist/tex/latex/pgf/compatibility/pgfcomp-version-0-65.sty
Package: pgfcomp-version-0-65 2023-01-15 v3.1.10 (3.1.10)
\pgf@nodesepstart=\dimen193
\pgf@nodesepend=\dimen194
) (/usr/share/texlive/texmf-dist/tex/latex/pgf/compatibility/pgfcomp-version-1-18.sty
Package: pgfcomp-version-1-18 2023-01-15 v3.1.10 (3.1.10)
)) (/usr/share/texlive/texmf-dist/tex/latex/pgf/utilities/pgffor.sty (/usr/share/texlive/texmf-dist/tex/latex/pgf/math/pgfmath.sty (/usr/share/texlive/texmf-dist/tex/generic/pgf/math/pgfmath.code.tex)) (/usr/share/texlive/texmf-dist/tex/generic/pgf/utilities/pgffor.code.tex
Package: pgffor 2023-01-15 v3.1.10 (3.1.10)
\pgffor@iter=\dimen195
\pgffor@skip=\dimen196
\pgffor@stack=\toks35
\pgffor@toks=\toks36
)) (/usr/share/texlive/texmf-dist/tex/generic/pgf/frontendlayer/tikz/tikz.code.tex
Package: tikz 2023-01-15 v3.1.10 (3.1.10)
 (/usr/share/texlive/texmf-dist/tex/generic/pgf/libraries/pgflibraryplothandlers.code.tex
File: pgflibraryplothandlers.code.tex 2023-01-15 v3.1.10 (3.1.10)
\pgf@plot@mark@count=\count313
\pgfplotmarksize=\dimen197
)
\tikz@lastx=\dimen198
\tikz@lasty=\dimen199
\tikz@lastxsaved=\dimen256
\tikz@lastysaved=\dimen257
\tikz@lastmovetox=\dimen258
\tikz@lastmovetoy=\dimen259
\tikzleveldistance=\dimen260
\tikzsiblingdistance=\dimen261
\tikz@figbox=\box68
\tikz@figbox@bg=\box69
\tikz@tempbox=\box70
\tikz@tempbox@bg=\box71
\tikztreelevel=\count314
\tikznumberofchildren=\count315
\tikznumberofcurrentchild=\count316
\tikz@fig@count=\count317
 (/usr/share/texlive/texmf-dist/tex/generic/pgf/modules/pgfmodulematrix.code.tex
File: pgfmodulematrix.code.tex 2023-01-15 v3.1.10 (3.1.10)
\pgfmatrixcurrentrow=\count318
\pgfmatrixcurrentcolumn=\count319
\pgf@matrix@numberofcolumns=\count320
)
\tikz@expandcount=\count321
 (/usr/share/texlive/texmf-dist/tex/generic/pgf/frontendlayer/tikz/libraries/tikzlibrarytopaths.code.tex
File: tikzlibrarytopaths.code.tex 2023-01-15 v3.1.10 (3.1.10)
))) (/usr/share/texlive/texmf-dist/tex/latex/tools/verbatim.sty
Package: verbatim 2024-01-22 v1.5x LaTeX2e package for verbatim enhancements
\every@verbatim=\toks37
\verbatim@line=\toks38
\verbatim@in@stream=\read5
) (/usr/share/texlive/texmf-dist/tex/latex/environ/environ.sty
Package: environ 2014/05/04 v0.3 A new way to define environments
 (/usr/share/texlive/texmf-dist/tex/latex/trimspaces/trimspaces.sty
Package: trimspaces 2009/09/17 v1.1 Trim spaces around a token list
)
\@envbody=\toks39
)
\tcb@titlebox=\box72
\tcb@upperbox=\box73
\tcb@lowerbox=\box74
\tcb@phantombox=\box75
\c@tcbbreakpart=\count322
\c@tcblayer=\count323
\c@tcolorbox@number=\count324
\l__tcobox_tmpa_box=\box76
\l__tcobox_tmpa_dim=\dimen262
\tcb@temp=\box77
\tcb@temp=\box78
\tcb@temp=\box79
\tcb@temp=\box80
) (/usr/share/texlive/texmf-dist/tex/latex/amsmath/amsmath.sty
Package: amsmath 2024/11/05 v2.17t AMS math features
\@mathmargin=\skip52

For additional information on amsmath, use the `?' option.
(/usr/share/texlive/texmf-dist/tex/latex/amsmath/amstext.sty
Package: amstext 2021/08/26 v2.01 AMS text
 (/usr/share/texlive/texmf-dist/tex/latex/amsmath/amsgen.sty
File: amsgen.sty 1999/11/30 v2.0 generic functions
\@emptytoks=\toks40
\ex@=\dimen263
)) (/usr/share/texlive/texmf-dist/tex/latex/amsmath/amsbsy.sty
Package: amsbsy 1999/11/29 v1.2d Bold Symbols
\pmbraise@=\dimen264
) (/usr/share/texlive/texmf-dist/tex/latex/amsmath/amsopn.sty
Package: amsopn 2022/04/08 v2.04 operator names
)
\inf@bad=\count325
LaTeX Info: Redefining \frac on input line 233.
\uproot@=\count326
\leftroot@=\count327
LaTeX Info: Redefining \overline on input line 398.
LaTeX Info: Redefining \colon on input line 409.
\classnum@=\count328
\DOTSCASE@=\count329
LaTeX Info: Redefining \ldots on input line 495.
LaTeX Info: Redefining \dots on input line 498.
LaTeX Info: Redefining \cdots on input line 619.
\Mathstrutbox@=\box81
\strutbox@=\box82
LaTeX Info: Redefining \big on input line 721.
LaTeX Info: Redefining \Big on input line 722.
LaTeX Info: Redefining \bigg on input line 723.
LaTeX Info: Redefining \Bigg on input line 724.
\big@size=\dimen265
LaTeX Font Info:    Redeclaring font encoding OML on input line 742.
LaTeX Font Info:    Redeclaring font encoding OMS on input line 743.
\macc@depth=\count330
LaTeX Info: Redefining \bmod on input line 904.
LaTeX Info: Redefining \pmod on input line 909.
LaTeX Info: Redefining \smash on input line 939.
LaTeX Info: Redefining \relbar on input line 969.
LaTeX Info: Redefining \Relbar on input line 970.
\c@MaxMatrixCols=\count331
\dotsspace@=\muskip17
\c@parentequation=\count332
\dspbrk@lvl=\count333
\tag@help=\toks41
\row@=\count334
\column@=\count335
\maxfields@=\count336
\andhelp@=\toks42
\eqnshift@=\dimen266
\alignsep@=\dimen267
\tagshift@=\dimen268
\tagwidth@=\dimen269
\totwidth@=\dimen270
\lineht@=\dimen271
\@envbody=\toks43
\multlinegap=\skip53
\multlinetaggap=\skip54
\mathdisplay@stack=\toks44
LaTeX Info: Redefining \[ on input line 2953.
LaTeX Info: Redefining \] on input line 2954.
)
\@LN@amsmath@ams@eqpen=\count337
 (/usr/share/texlive/texmf-dist/tex/latex/amsfonts/amssymb.sty
Package: amssymb 2013/01/14 v3.01 AMS font symbols
 (/usr/share/texlive/texmf-dist/tex/latex/amsfonts/amsfonts.sty
Package: amsfonts 2013/01/14 v3.01 Basic AMSFonts support
\symAMSa=\mathgroup4
\symAMSb=\mathgroup5
LaTeX Font Info:    Redeclaring math symbol \hbar on input line 98.
LaTeX Font Info:    Overwriting math alphabet `\mathfrak' in version `bold'
(Font)                  U/euf/m/n --> U/euf/b/n on input line 106.
)) (/usr/share/texlive/texmf-dist/tex/latex/hyperref/hyperref.sty
Package: hyperref 2024-11-05 v7.01l Hypertext links for LaTeX
 (/usr/share/texlive/texmf-dist/tex/generic/kvdefinekeys/kvdefinekeys.sty
Package: kvdefinekeys 2019-12-19 v1.6 Define keys (HO)
) (/usr/share/texlive/texmf-dist/tex/generic/pdfescape/pdfescape.sty
Package: pdfescape 2019/12/09 v1.15 Implements pdfTeX's escape features (HO)
) (/usr/share/texlive/texmf-dist/tex/latex/hycolor/hycolor.sty
Package: hycolor 2020-01-27 v1.10 Color options for hyperref/bookmark (HO)
) (/usr/share/texlive/texmf-dist/tex/latex/hyperref/nameref.sty
Package: nameref 2023-11-26 v2.56 Cross-referencing by name of section
 (/usr/share/texlive/texmf-dist/tex/latex/refcount/refcount.sty
Package: refcount 2019/12/15 v3.6 Data extraction from label references (HO)
) (/usr/share/texlive/texmf-dist/tex/generic/gettitlestring/gettitlestring.sty
Package: gettitlestring 2019/12/15 v1.6 Cleanup title references (HO)
)
\c@section@level=\count338
) (/usr/share/texlive/texmf-dist/tex/generic/stringenc/stringenc.sty
Package: stringenc 2019/11/29 v1.12 Convert strings between diff. encodings (HO)
)
\@linkdim=\dimen272
\Hy@linkcounter=\count339
\Hy@pagecounter=\count340
 (/usr/share/texlive/texmf-dist/tex/latex/hyperref/pd1enc.def
File: pd1enc.def 2024-11-05 v7.01l Hyperref: PDFDocEncoding definition (HO)
Now handling font encoding PD1 ...
... no UTF-8 mapping file for font encoding PD1
) (/usr/share/texlive/texmf-dist/tex/generic/intcalc/intcalc.sty
Package: intcalc 2019/12/15 v1.3 Expandable calculations with integers (HO)
)
\Hy@SavedSpaceFactor=\count341
 (/usr/share/texlive/texmf-dist/tex/latex/hyperref/puenc.def
File: puenc.def 2024-11-05 v7.01l Hyperref: PDF Unicode definition (HO)
Now handling font encoding PU ...
... no UTF-8 mapping file for font encoding PU
)
Package hyperref Info: Hyper figures OFF on input line 4157.
Package hyperref Info: Link nesting OFF on input line 4162.
Package hyperref Info: Hyper index ON on input line 4165.
Package hyperref Info: Plain pages OFF on input line 4172.
Package hyperref Info: Backreferencing OFF on input line 4177.
Package hyperref Info: Implicit mode ON; LaTeX internals redefined.
Package hyperref Info: Bookmarks ON on input line 4424.
\c@Hy@tempcnt=\count342
 (/usr/share/texlive/texmf-dist/tex/latex/url/url.sty
\Urlmuskip=\muskip18
Package: url 2013/09/16  ver 3.4  Verb mode for urls, etc.
)
LaTeX Info: Redefining \url on input line 4763.
\XeTeXLinkMargin=\dimen273
 (/usr/share/texlive/texmf-dist/tex/generic/bitset/bitset.sty
Package: bitset 2019/12/09 v1.3 Handle bit-vector datatype (HO)
 (/usr/share/texlive/texmf-dist/tex/generic/bigintcalc/bigintcalc.sty
Package: bigintcalc 2019/12/15 v1.5 Expandable calculations on big integers (HO)
))
\Fld@menulength=\count343
\Field@Width=\dimen274
\Fld@charsize=\dimen275
Package hyperref Info: Hyper figures OFF on input line 6042.
Package hyperref Info: Link nesting OFF on input line 6047.
Package hyperref Info: Hyper index ON on input line 6050.
Package hyperref Info: backreferencing OFF on input line 6057.
Package hyperref Info: Link coloring OFF on input line 6062.
Package hyperref Info: Link coloring with OCG OFF on input line 6067.
Package hyperref Info: PDF/A mode OFF on input line 6072.
 (/usr/share/texlive/texmf-dist/tex/latex/base/atbegshi-ltx.sty
Package: atbegshi-ltx 2021/01/10 v1.0c Emulation of the original atbegshi
package with kernel methods
)
\Hy@abspage=\count344
\c@Item=\count345
\c@Hfootnote=\count346
)
Package hyperref Info: Driver (autodetected): hpdftex.
 (/usr/share/texlive/texmf-dist/tex/latex/hyperref/hpdftex.def
File: hpdftex.def 2024-11-05 v7.01l Hyperref driver for pdfTeX
 (/usr/share/texlive/texmf-dist/tex/latex/base/atveryend-ltx.sty
Package: atveryend-ltx 2020/08/19 v1.0a Emulation of the original atveryend package
with kernel methods
)
\Fld@listcount=\count347
\c@bookmark@seq@number=\count348
 (/usr/share/texlive/texmf-dist/tex/latex/rerunfilecheck/rerunfilecheck.sty
Package: rerunfilecheck 2022-07-10 v1.10 Rerun checks for auxiliary files (HO)
 (/usr/share/texlive/texmf-dist/tex/generic/uniquecounter/uniquecounter.sty
Package: uniquecounter 2019/12/15 v1.4 Provide unlimited unique counter (HO)
)
Package uniquecounter Info: New unique counter `rerunfilecheck' on input line 285.
)
\Hy@SectionHShift=\skip55
) (/usr/share/texlive/texmf-dist/tex/latex/l3backend/l3backend-pdftex.def
File: l3backend-pdftex.def 2024-05-08 L3 backend support: PDF output (pdfTeX)
\l__color_backend_stack_int=\count349
\l__pdf_internal_box=\box83
) (./memoria_p1.aux
LaTeX Info: Redefining \. on input line 11.
LaTeX Info: Redefining \% on input line 11.
)
\openout1 = `memoria_p1.aux'.

LaTeX Font Info:    Checking defaults for OML/cmm/m/it on input line 20.
LaTeX Font Info:    ... okay on input line 20.
LaTeX Font Info:    Checking defaults for OMS/cmsy/m/n on input line 20.
LaTeX Font Info:    ... okay on input line 20.
LaTeX Font Info:    Checking defaults for OT1/cmr/m/n on input line 20.
LaTeX Font Info:    ... okay on input line 20.
LaTeX Font Info:    Checking defaults for T1/cmr/m/n on input line 20.
LaTeX Font Info:    ... okay on input line 20.
LaTeX Font Info:    Checking defaults for TS1/cmr/m/n on input line 20.
LaTeX Font Info:    ... okay on input line 20.
LaTeX Font Info:    Checking defaults for OMX/cmex/m/n on input line 20.
LaTeX Font Info:    ... okay on input line 20.
LaTeX Font Info:    Checking defaults for U/cmr/m/n on input line 20.
LaTeX Font Info:    ... okay on input line 20.
LaTeX Font Info:    Checking defaults for PD1/pdf/m/n on input line 20.
LaTeX Font Info:    ... okay on input line 20.
LaTeX Font Info:    Checking defaults for PU/pdf/m/n on input line 20.
LaTeX Font Info:    ... okay on input line 20.
 (/usr/share/texlive/texmf-dist/tex/context/base/mkii/supp-pdf.mkii
[Loading MPS to PDF converter (version 2006.09.02).]
\scratchcounter=\count350
\scratchdimen=\dimen276
\scratchbox=\box84
\nofMPsegments=\count351
\nofMParguments=\count352
\everyMPshowfont=\toks45
\MPscratchCnt=\count353
\MPscratchDim=\dimen277
\MPnumerator=\count354
\makeMPintoPDFobject=\count355
\everyMPtoPDFconversion=\toks46
) (/usr/share/texlive/texmf-dist/tex/latex/epstopdf-pkg/epstopdf-base.sty
Package: epstopdf-base 2020-01-24 v2.11 Base part for package epstopdf
Package epstopdf-base Info: Redefining graphics rule for `.eps' on input line 485.
 (/usr/share/texlive/texmf-dist/tex/latex/latexconfig/epstopdf-sys.cfg
File: epstopdf-sys.cfg 2010/07/13 v1.3 Configuration of (r)epstopdf for TeX Live
))
LaTeX Info: Redefining \. on input line 20.
LaTeX Info: Redefining \% on input line 20.
Package hyperref Info: Link coloring OFF on input line 20.
 (./memoria_p1.out) (./memoria_p1.out)
\@outlinefile=\write5
\openout5 = `memoria_p1.out'.

<../memoria/imagenes_necesarias/Logotipo_ETSIIT_Horizontal_color.png, id=79, 546.54187pt x 222.8325pt>
File: ../memoria/imagenes_necesarias/Logotipo_ETSIIT_Horizontal_color.png Graphic file (type png)
<use ../memoria/imagenes_necesarias/Logotipo_ETSIIT_Horizontal_color.png>
Package pdftex.def Info: ../memoria/imagenes_necesarias/Logotipo_ETSIIT_Horizontal_color.png  used on input line 42.
(pdftex.def)             Requested size: 214.50119pt x 87.45514pt.
LaTeX Font Info:    Trying to load font information for U+msa on input line 43.
 (/usr/share/texlive/texmf-dist/tex/latex/amsfonts/umsa.fd
File: umsa.fd 2013/01/14 v3.01 AMS symbols A
)
LaTeX Font Info:    Trying to load font information for U+msb on input line 43.
 (/usr/share/texlive/texmf-dist/tex/latex/amsfonts/umsb.fd
File: umsb.fd 2013/01/14 v3.01 AMS symbols B
)
<../memoria/imagenes_necesarias/UGR-LOGO-color.png, id=81, 508.17854pt x 508.17854pt>
File: ../memoria/imagenes_necesarias/UGR-LOGO-color.png Graphic file (type png)
<use ../memoria/imagenes_necesarias/UGR-LOGO-color.png>
Package pdftex.def Info: ../memoria/imagenes_necesarias/UGR-LOGO-color.png  used on input line 47.
(pdftex.def)             Requested size: 155.99762pt x 155.9984pt.


[1

{/var/lib/texmf/fonts/map/pdftex/updmap/pdftex.map} <../memoria/imagenes_necesarias/Logotipo_ETSIIT_Horizontal_color.png> <../memoria/imagenes_necesarias/UGR-LOGO-color.png

pdfTeX warning: pdflatex (file ../memoria/imagenes_necesarias/UGR-LOGO-color.png): large interlaced PNG might cause out of memory (use non-interlaced PNG to fix this)
>] (./memoria_p1.toc
LaTeX Info: Redefining \. on input line 1.
LaTeX Info: Redefining \% on input line 1.
)
\tf@toc=\write6
\openout6 = `memoria_p1.toc'.




pdfTeX warning (ext4): destination with the same identifier (name{page.1}) has been already used, duplicate ignored
<to be read again> 
                   \relax 
l.69 	\newpage
               % <--- Fuerza el salto a la página 3 [1]
Underfull \hbox (badness 10000) in paragraph at lines 78--79

 []


Overfull \hbox (2.23595pt too wide) in paragraph at lines 89--90
[]\OT1/cmr/bx/n/12 Sistemas Ope-ra-ti-vos: \OT1/cmtt/m/n/12 Ubuntu 24.04 LTS \OT1/cmr/m/n/12 y \OT1/cmtt/m/n/12 Debian 13 trixie\OT1/cmr/m/n/12 . 
 []



[2{/usr/share/texmf/fonts/enc/dvips/cm-super/cm-super-ts1.enc}]
LaTeX Font Info:    Font shape `OT1/cmtt/bx/n' in size <12> not available
(Font)              Font shape `OT1/cmtt/m/n' tried instead on input line 108.

Overfull \hbox (6.79726pt too wide) in paragraph at lines 114--115
[]\OT1/cmr/bx/n/12 Clase \OT1/cmtt/m/n/12 Partida\OT1/cmr/m/n/12 .Es una cla-se abs-trac-ta e im-ple-men-ta la in-ter-faz \OT1/cmtt/m/n/12 Runnable
 []



[3]
\pydata@fh@_B920322DD1EF0596827192343EEF53C0.data.minted=\write7
\openout7 = `_B920322DD1EF0596827192343EEF53C0.data.minted'.

runsystem(latexminted config  --timestamp 20260322231334 B920322DD1EF0596827192343EEF53C0)...executed safely (allowed).

 (./_B920322DD1EF0596827192343EEF53C0.config.minted)
runsystem(latexminted cleanconfig  --timestamp 20260322231334 B920322DD1EF0596827192343EEF53C0)...executed safely (allowed).

 (./_minted/default.style.minted) (./_minted/84118AFEF64BF2FD71FB10EC1947F93C.highlight.minted) (./_minted/9F43FC501A33C4861AC70F03112D504F.highlight.minted) (./_minted/B217F36419365CD88DFEC18E0CDADAB8.highlight.minted) (./_minted/0B53854E3C6A00CEED7D3C2460787BB3.highlight.minted) (./_minted/9D03BCC5CD57BA7BF489375FE66DA79B.highlight.minted)
Overfull \hbox (39.19691pt too wide) in paragraph at lines 124--125
[]\OT1/cmr/m/n/12 Define la ca-be-ce-ra de los dos m^^Seto-dos abs-trac-tos []
 []

(./_minted/A67B349706F325E19B8EE95C37240FFA.highlight.minted) (./_minted/F9E221DF20F6915EF0DDAC7E7A6FD191.highlight.minted)
Overfull \hbox (71.30273pt too wide) in paragraph at lines 131--132
\OT1/cmr/m/n/12 be-ce-ra de los m^^Seto-dos [] y []
 []



[4]
Overfull \hbox (1.66061pt too wide) in paragraph at lines 143--144
[]\OT1/cmr/bx/n/12 Creamos una \OT1/cmtt/m/n/12 Factoria Competitiva \OT1/cmr/bx/n/12 y una \OT1/cmtt/m/n/12 Factoria Casual\OT1/cmr/bx/n/12 . 
 []

(./_minted/3FBA691A3143E33139FC2790FCEEF887.highlight.minted)
<../Ejercicio_1_Patron_Factoria_Abstracta_en_Java/diagrama_de_clases/DC EJ1 P1 DS.png, id=132, 1181.6145pt x 450.2421pt>
File: ../Ejercicio_1_Patron_Factoria_Abstracta_en_Java/diagrama_de_clases/DC EJ1 P1 DS.png Graphic file (type png)
<use ../Ejercicio_1_Patron_Factoria_Abstracta_en_Java/diagrama_de_clases/DC EJ1 P1 DS.png>
Package pdftex.def Info: ../Ejercicio_1_Patron_Factoria_Abstracta_en_Java/diagrama_de_clases/DC EJ1 P1 DS.png  used on input line 168.
(pdftex.def)             Requested size: 390.0pt x 148.60095pt.


[5]
Overfull \hbox (26.00674pt too wide) in paragraph at lines 176--177
[]\OT1/cmr/m/n/12 Compilando y eje-cu-tan-do di-rec-tac-tem-ne-te el \OT1/cmtt/m/n/12 Cliente.java \OT1/cmr/m/n/12 des-de \OT1/cmtt/m/n/12 IntelliJ\OT1/cmr/m/n/12 ,
 []


Overfull \hbox (61.04805pt too wide) in paragraph at lines 182--183
 [] 
 []

<./imagenes_necesarias/ejemplo_ej1.png, id=145, 1495.5875pt x 854.19125pt>
File: ./imagenes_necesarias/ejemplo_ej1.png Graphic file (type png)
<use ./imagenes_necesarias/ejemplo_ej1.png>
Package pdftex.def Info: ./imagenes_necesarias/ejemplo_ej1.png  used on input line 197.
(pdftex.def)             Requested size: 390.0pt x 222.73618pt.


[6 <../Ejercicio_1_Patron_Factoria_Abstracta_en_Java/diagrama_de_clases/DC EJ1 P1 DS.png (PNG copy)>]

[7 <./imagenes_necesarias/ejemplo_ej1.png>] (./_minted/0C8656D76CE54290AF11BF6699AF3FDC.highlight.minted) (./_minted/494E84D451400D1E65336E389F82B2AE.highlight.minted)

[8]
<./imagenes_necesarias/config_json.png, id=167, 2210.2575pt x 560.0925pt>
File: ./imagenes_necesarias/config_json.png Graphic file (type png)
<use ./imagenes_necesarias/config_json.png>
Package pdftex.def Info: ./imagenes_necesarias/config_json.png  used on input line 250.
(pdftex.def)             Requested size: 390.0pt x 98.821pt.
<../Ejercicio_2_Patron_Decorador_en_Python/diagrama_de_clases/Diagrama_de_clases_EJ2.png, id=168, 349.7868pt x 436.5108pt>
File: ../Ejercicio_2_Patron_Decorador_en_Python/diagrama_de_clases/Diagrama_de_clases_EJ2.png Graphic file (type png)
<use ../Ejercicio_2_Patron_Decorador_en_Python/diagrama_de_clases/Diagrama_de_clases_EJ2.png>
Package pdftex.def Info: ../Ejercicio_2_Patron_Decorador_en_Python/diagrama_de_clases/Diagrama_de_clases_EJ2.png  used on input line 262.
(pdftex.def)             Requested size: 390.0pt x 486.6974pt.


[9 <./imagenes_necesarias/config_json.png (PNG copy)>]

[10 <../Ejercicio_2_Patron_Decorador_en_Python/diagrama_de_clases/Diagrama_de_clases_EJ2.png>]
<./imagenes_necesarias/ejemplo_ejecucion_ej2.png, id=185, 1557.82pt x 506.89375pt>
File: ./imagenes_necesarias/ejemplo_ejecucion_ej2.png Graphic file (type png)
<use ./imagenes_necesarias/ejemplo_ejecucion_ej2.png>
Package pdftex.def Info: ./imagenes_necesarias/ejemplo_ejecucion_ej2.png  used on input line 278.
(pdftex.def)             Requested size: 390.0pt x 126.90102pt.


[11 <./imagenes_necesarias/ejemplo_ejecucion_ej2.png>] (./_minted/B299228AF589801687AD40BFD8639588.highlight.minted)
Overfull \hbox (49.71603pt too wide) in paragraph at lines 291--292
[]\OT1/cmr/bx/n/12 Interfaz \OT1/cmtt/m/n/12 ScrapingStrategy\OT1/cmr/m/n/12 . Se en-cuen-tra en el ar-chi-vo \OT1/cmtt/m/n/12 scraping[]strategy.py\OT1/cmr/m/n/12 .
 []


Overfull \hbox (50.76051pt too wide) in paragraph at lines 293--294
[]\OT1/cmr/bx/n/12 Clase \OT1/cmtt/m/n/12 HockeyScraperContext\OT1/cmr/m/n/12 . Se en-cuen-tra en el ar-chi-vo \OT1/cmtt/m/n/12 scraping[]context.py
 []


Overfull \hbox (52.29536pt too wide) in paragraph at lines 295--296
[]\OT1/cmr/bx/n/12 Clase \OT1/cmtt/m/n/12 Beautiful[]Soup\OT1/cmr/m/n/12 . Se en-cuen-tra en el ar-chi-vo \OT1/cmtt/m/n/12 beautifulsoup[]strategy.py\OT1/cmr/m/n/12 .
 []

(./_minted/176B6A089A47151055550F76CA966DA6.highlight.minted)
Overfull \hbox (20.3439pt too wide) in paragraph at lines 305--306
\OT1/cmr/m/n/12 im-ple-men-tar am-bas es-tra-te-gias. Nos re-fe-ri-mos al []
 []



[12]
Overfull \hbox (16.57506pt too wide) in paragraph at lines 311--312
[]\OT1/cmr/m/n/12 Y por ^^Sulti-mo te-ne-mos las dos po-si-bles es-tra-te-gias \OT1/cmtt/m/n/12 BeautifulSoupStrategy
 []

<../Ejercicio_3_Patron_Estrategia_en_Python/diagrama_de_clases/Diagrama_de_clases_EJ3.png, id=197, 788.4657pt x 300.6432pt>
File: ../Ejercicio_3_Patron_Estrategia_en_Python/diagrama_de_clases/Diagrama_de_clases_EJ3.png Graphic file (type png)
<use ../Ejercicio_3_Patron_Estrategia_en_Python/diagrama_de_clases/Diagrama_de_clases_EJ3.png>
Package pdftex.def Info: ../Ejercicio_3_Patron_Estrategia_en_Python/diagrama_de_clases/Diagrama_de_clases_EJ3.png  used on input line 319.
(pdftex.def)             Requested size: 390.0pt x 148.71103pt.


[13 <../Ejercicio_3_Patron_Estrategia_en_Python/diagrama_de_clases/Diagrama_de_clases_EJ3.png>] (./_minted/D549F07A59D6438A5D0969C68530755C.highlight.minted)
<./imagenes_necesarias/Ejecución_BS.png, id=204, 1904.11375pt x 165.61874pt>
File: ./imagenes_necesarias/Ejecución_BS.png Graphic file (type png)
<use ./imagenes_necesarias/Ejecución_BS.png>
Package pdftex.def Info: ./imagenes_necesarias/Ejecución_BS.png  used on input line 350.
(pdftex.def)             Requested size: 390.0pt x 33.92172pt.

Underfull \hbox (badness 1668) in paragraph at lines 351--351
[]\OT1/cmr/m/n/12 Figura 7: []Ejemplo de eje-cu-ci^^Son del ejer-ci-cio 3 usan-do la es-tra-te-gia
 []

<./imagenes_necesarias/Ejecución_Selenium.png, id=205, 1913.1475pt x 180.675pt>
File: ./imagenes_necesarias/Ejecución_Selenium.png Graphic file (type png)
<use ./imagenes_necesarias/Ejecución_Selenium.png>
Package pdftex.def Info: ./imagenes_necesarias/Ejecución_Selenium.png  used on input line 357.
(pdftex.def)             Requested size: 390.0pt x 36.82909pt.
<./imagenes_necesarias/hockey_stats.png, id=206, 914.41624pt x 1291.82625pt>
File: ./imagenes_necesarias/hockey_stats.png Graphic file (type png)
<use ./imagenes_necesarias/hockey_stats.png>
Package pdftex.def Info: ./imagenes_necesarias/hockey_stats.png  used on input line 366.
(pdftex.def)             Requested size: 390.0pt x 550.9605pt.


[14 <./imagenes_necesarias/Ejecución_BS.png> <./imagenes_necesarias/Ejecución_Selenium.png>]

[15 <./imagenes_necesarias/hockey_stats.png>] (./_minted/397B639F17F4F9451DC5F662B0985ED4.highlight.minted)
Overfull \hbox (2.55214pt too wide) in paragraph at lines 388--389
[]\OT1/cmr/bx/n/12 Clase \OT1/cmtt/m/n/12 FiltroPrefijoCorreo\OT1/cmr/m/n/12 .Esta cla-se im-ple-men-ta la in-ter-faz \OT1/cmtt/m/n/12 Filtro\OT1/cmr/m/n/12 .
 []


Overfull \hbox (2.55214pt too wide) in paragraph at lines 390--391
[]\OT1/cmr/bx/n/12 Clase \OT1/cmtt/m/n/12 FiltroPrefijoCorreo\OT1/cmr/m/n/12 .Esta cla-se im-ple-men-ta la in-ter-faz \OT1/cmtt/m/n/12 Filtro\OT1/cmr/m/n/12 .
 []



[16]

[17]
<../Ejercicio_4_Patron_filtros_intercepcion_en_Ruby/diagramas_UML/Diagrama de Clases1.png, id=234, 996.6033pt x 450.2421pt>
File: ../Ejercicio_4_Patron_filtros_intercepcion_en_Ruby/diagramas_UML/Diagrama de Clases1.png Graphic file (type png)
<use ../Ejercicio_4_Patron_filtros_intercepcion_en_Ruby/diagramas_UML/Diagrama de Clases1.png>
Package pdftex.def Info: ../Ejercicio_4_Patron_filtros_intercepcion_en_Ruby/diagramas_UML/Diagrama de Clases1.png  used on input line 410.
(pdftex.def)             Requested size: 390.0pt x 176.1914pt.


[18 <../Ejercicio_4_Patron_filtros_intercepcion_en_Ruby/diagramas_UML/Diagrama de Clases1.png (PNG copy)>]
<../Ejercicio_4_Patron_filtros_intercepcion_en_Ruby/diagramas_UML/Diagrama de Secuencia Ejercicio 4 P1 DS.png, id=241, 886.0302pt x 914.9382pt>
File: ../Ejercicio_4_Patron_filtros_intercepcion_en_Ruby/diagramas_UML/Diagrama de Secuencia Ejercicio 4 P1 DS.png Graphic file (type png)
<use ../Ejercicio_4_Patron_filtros_intercepcion_en_Ruby/diagramas_UML/Diagrama de Secuencia Ejercicio 4 P1 DS.png>
Package pdftex.def Info: ../Ejercicio_4_Patron_filtros_intercepcion_en_Ruby/diagramas_UML/Diagrama de Secuencia Ejercicio 4 P1 DS.png  used on input line 423.
(pdftex.def)             Requested size: 390.0pt x 402.72763pt.


[19 <../Ejercicio_4_Patron_filtros_intercepcion_en_Ruby/diagramas_UML/Diagrama de Secuencia Ejercicio 4 P1 DS.png (PNG copy)>]
<./imagenes_necesarias/ejemplo1_ej4.png, id=247, 1495.5875pt x 308.15125pt>
File: ./imagenes_necesarias/ejemplo1_ej4.png Graphic file (type png)
<use ./imagenes_necesarias/ejemplo1_ej4.png>
Package pdftex.def Info: ./imagenes_necesarias/ejemplo1_ej4.png  used on input line 444.
(pdftex.def)             Requested size: 390.0pt x 80.35252pt.
<./imagenes_necesarias/ejemplo2_ej4.png, id=248, 1495.5875pt x 348.30125pt>
File: ./imagenes_necesarias/ejemplo2_ej4.png Graphic file (type png)
<use ./imagenes_necesarias/ejemplo2_ej4.png>
Package pdftex.def Info: ./imagenes_necesarias/ejemplo2_ej4.png  used on input line 453.
(pdftex.def)             Requested size: 390.0pt x 90.82191pt.
<./imagenes_necesarias/ejemplo3_ej4.png, id=249, 1495.5875pt x 404.51125pt>
File: ./imagenes_necesarias/ejemplo3_ej4.png Graphic file (type png)
<use ./imagenes_necesarias/ejemplo3_ej4.png>
Package pdftex.def Info: ./imagenes_necesarias/ejemplo3_ej4.png  used on input line 462.
(pdftex.def)             Requested size: 390.0pt x 105.47905pt.


[20 <./imagenes_necesarias/ejemplo1_ej4.png> <./imagenes_necesarias/ejemplo2_ej4.png>]
<./imagenes_necesarias/ejemplo4_ej4.png, id=258, 1495.5875pt x 404.51125pt>
File: ./imagenes_necesarias/ejemplo4_ej4.png Graphic file (type png)
<use ./imagenes_necesarias/ejemplo4_ej4.png>
Package pdftex.def Info: ./imagenes_necesarias/ejemplo4_ej4.png  used on input line 471.
(pdftex.def)             Requested size: 390.0pt x 105.47905pt.
<./imagenes_necesarias/ejemplo5_ej4.png, id=259, 1495.5875pt x 436.63126pt>
File: ./imagenes_necesarias/ejemplo5_ej4.png Graphic file (type png)
<use ./imagenes_necesarias/ejemplo5_ej4.png>
Package pdftex.def Info: ./imagenes_necesarias/ejemplo5_ej4.png  used on input line 480.
(pdftex.def)             Requested size: 390.0pt x 113.85457pt.

Overfull \hbox (80.89449pt too wide) in paragraph at lines 485--486
[]\OT1/cmr/bx/n/12 Sexto ejem-plo\OT1/cmr/m/n/12 . Cre-den-cia-les co-rrec-tas. In-tro-du-ci-mos el co-rreo: \OT1/cmtt/m/n/12 ingeniero@gmail.com
 []

<./imagenes_necesarias/ejemplo6_ej4.png, id=260, 1495.5875pt x 436.63126pt>
File: ./imagenes_necesarias/ejemplo6_ej4.png Graphic file (type png)
<use ./imagenes_necesarias/ejemplo6_ej4.png>
Package pdftex.def Info: ./imagenes_necesarias/ejemplo6_ej4.png  used on input line 489.
(pdftex.def)             Requested size: 390.0pt x 113.85457pt.


[21 <./imagenes_necesarias/ejemplo3_ej4.png> <./imagenes_necesarias/ejemplo4_ej4.png> <./imagenes_necesarias/ejemplo5_ej4.png>]

[22 <./imagenes_necesarias/ejemplo6_ej4.png>] (./memoria_p1.aux
LaTeX Info: Redefining \. on input line 11.
LaTeX Info: Redefining \% on input line 11.
)
 ***********
LaTeX2e <2024-11-01> patch level 2
L3 programming layer <2025-01-18>
 ***********
Package rerunfilecheck Info: File `memoria_p1.out' has not changed.
(rerunfilecheck)             Checksum: AE2C1DC15D85C643C164CB15696451A5;4102.
 ) 
Here is how much of TeX's memory you used:
 27869 strings out of 473197
 575378 string characters out of 5718606
 1043991 words of memory out of 5000000
 50591 multiletter control sequences out of 15000+600000
 567115 words of font info for 66 fonts, out of 8000000 for 9000
 1141 hyphenation exceptions out of 8191
 96i,7n,105p,876b,650s stack positions out of 10000i,1000n,20000p,200000b,200000s
</usr/share/texlive/texmf-dist/fonts/type1/public/amsfonts/cm/cmbx12.pfb></usr/share/texlive/texmf-dist/fonts/type1/public/amsfonts/cm/cmbxti10.pfb></usr/share/texlive/texmf-dist/fonts/type1/public/amsfonts/cm/cmr12.pfb></usr/share/texlive/texmf-dist/fonts/type1/public/amsfonts/cm/cmr17.pfb></usr/share/texlive/texmf-dist/fonts/type1/public/amsfonts/cm/cmti12.pfb></usr/share/texlive/texmf-dist/fonts/type1/public/amsfonts/cm/cmtt12.pfb></usr/share/texmf/fonts/type1/public/cm-super/sfrm1200.pfb></usr/share/texmf/fonts/type1/public/cm-super/sftt1200.pfb>
Output written on memoria_p1.pdf (23 pages, 5134867 bytes).
PDF statistics:
 334 PDF objects out of 1000 (max. 8388607)
 256 compressed objects within 3 object streams
 80 named destinations out of 1000 (max. 500000)
 252 words of extra memory for PDF output out of 10000 (max. 10000000)

